\BOOKMARK [1][-]{section.1}{\376\377\000\332\000v\000o\000d}{}% 1
\BOOKMARK [1][-]{section.2}{\376\377\000D\000e\000f\000i\000n\000i\000c\000e\000\040\000p\000o\000j\000m\001\157}{}% 2
\BOOKMARK [2][-]{subsection.2.1}{\376\377\000C\000o\000l\000l\000i\000d\000e\000r}{section.2}% 3
\BOOKMARK [2][-]{subsection.2.2}{\376\377\000R\000i\000g\000i\000d\000b\000o\000d\000y}{section.2}% 4
\BOOKMARK [2][-]{subsection.2.3}{\376\377\000P\000l\000a\000y\000e\000r\000\040\000c\000o\000n\000t\000r\000o\000l\000l\000e\000r}{section.2}% 5
\BOOKMARK [2][-]{subsection.2.4}{\376\377\000I\000n\000p\000u\000t\000\040\000a\000c\000t\000i\000o\000n}{section.2}% 6
\BOOKMARK [2][-]{subsection.2.5}{\376\377\000S\000p\000r\000i\000t\000e}{section.2}% 7
\BOOKMARK [2][-]{subsection.2.6}{\376\377\000A\000n\000i\000m\000a\000c\000e}{section.2}% 8
\BOOKMARK [2][-]{subsection.2.7}{\376\377\000A\000n\000i\000m\000a\000t\000o\000r\000\040\000c\000o\000n\000t\000r\000o\000l\000l\000e\000r}{section.2}% 9
\BOOKMARK [2][-]{subsection.2.8}{\376\377\000T\000i\000l\000e\000m\000a\000p}{section.2}% 10
\BOOKMARK [2][-]{subsection.2.9}{\376\377\000T\000i\000l\000e\000s\000e\000t}{section.2}% 11
\BOOKMARK [2][-]{subsection.2.10}{\376\377\000G\000a\000m\000e\000\040\000f\000e\000e\000l}{section.2}% 12
\BOOKMARK [2][-]{subsection.2.11}{\376\377\000F\000r\000a\000m\000e}{section.2}% 13
\BOOKMARK [2][-]{subsection.2.12}{\376\377\000L\000a\000y\000e\000r}{section.2}% 14
\BOOKMARK [2][-]{subsection.2.13}{\376\377\000P\000r\000e\000f\000a\000b}{section.2}% 15
\BOOKMARK [2][-]{subsection.2.14}{\376\377\000S\000c\000r\000i\000p\000t\000a\000b\000l\000e\000O\000b\000j\000e\000c\000t}{section.2}% 16
\BOOKMARK [2][-]{subsection.2.15}{\376\377\000C\000a\000l\000l\000b\000a\000c\000k}{section.2}% 17
\BOOKMARK [1][-]{section.3}{\376\377\000P\000o\000u\001\176\000i\000t\000\375\000\040\000f\000r\000a\000m\000e\000w\000o\000r\000k\000\040\000a\000p\000l\000i\000k\000a\000c\000e}{}% 18
\BOOKMARK [2][-]{subsection.3.1}{\376\377\000O\000p\000e\000r\000a\001\015\000n\000\355\000\040\000s\000y\000s\000t\000\351\000m}{section.3}% 19
\BOOKMARK [2][-]{subsection.3.2}{\376\377\000H\000e\000r\000n\000\355\000\040\000e\000n\000g\000i\000n\000e}{section.3}% 20
\BOOKMARK [2][-]{subsection.3.3}{\376\377\000P\000r\000o\000g\000r\000a\000m\000o\000v\000a\000c\000\355\000\040\000j\000a\000z\000y\000k}{section.3}% 21
\BOOKMARK [2][-]{subsection.3.4}{\376\377\000I\000D\000E\000\040\000/\000\040\000C\000o\000d\000e\000\040\000e\000d\000i\000t\000o\000r}{section.3}% 22
\BOOKMARK [2][-]{subsection.3.5}{\376\377\000K\000o\000l\000a\000b\000o\000r\000a\000c\000e}{section.3}% 23
\BOOKMARK [1][-]{section.4}{\376\377\000K\000o\000n\000c\000e\000p\000c\000e\000\040\001\131\000e\001\141\000e\000n\000\355}{}% 24
\BOOKMARK [2][-]{subsection.4.1}{\376\377\000Z\000\341\000k\000l\000a\000d\000n\000\355\000\040\000p\000o\000h\000y\000b}{section.4}% 25
\BOOKMARK [2][-]{subsection.4.2}{\376\377\000R\000o\000z\001\141\000i\001\131\000u\000j\000\355\000c\000\355\000\040\000f\000u\000n\000k\000c\000e}{section.4}% 26
\BOOKMARK [3][-]{subsubsection.4.2.1}{\376\377\000C\000o\000y\000o\000t\000e\000\040\000t\000i\000m\000e}{subsection.4.2}% 27
\BOOKMARK [3][-]{subsubsection.4.2.2}{\376\377\000J\000u\000m\000p\000\040\000b\000u\000f\000f\000e\000r}{subsection.4.2}% 28
\BOOKMARK [3][-]{subsubsection.4.2.3}{\376\377\000W\000a\000l\000l\000\040\000j\000u\000m\000p\000\040\000a\000\040\000w\000a\000l\000l\000\040\000s\000l\000i\000d\000e}{subsection.4.2}% 29
\BOOKMARK [3][-]{subsubsection.4.2.4}{\376\377\000V\000a\000r\000i\000a\000b\000l\000e\000\040\000j\000u\000m\000p\000\040\000h\000e\000i\000g\000h\000t}{subsection.4.2}% 30
\BOOKMARK [3][-]{subsubsection.4.2.5}{\376\377\000D\000a\000s\000h}{subsection.4.2}% 31
\BOOKMARK [2][-]{subsection.4.3}{\376\377\000S\000y\000s\000t\000\351\000m\000\040\000s\000t\001\131\000e\000l\000b\000y}{section.4}% 32
\BOOKMARK [3][-]{subsubsection.4.3.1}{\376\377\000M\000\355\001\131\000e\000n\000\355\000\040\000\050\000a\000i\000m\000\051}{subsection.4.3}% 33
\BOOKMARK [3][-]{subsubsection.4.3.2}{\376\377\000V\000\375\000s\000t\001\131\000e\000l}{subsection.4.3}% 34
\BOOKMARK [3][-]{subsubsection.4.3.3}{\376\377\000C\000h\000o\000v\000\341\000n\000\355\000\040\000p\000r\000o\000j\000e\000k\000t\000i\000l\000u}{subsection.4.3}% 35
\BOOKMARK [2][-]{subsection.4.4}{\376\377\000A\000n\000i\000m\000a\000c\000e}{section.4}% 36
\BOOKMARK [2][-]{subsection.4.5}{\376\377\000F\000y\000z\000i\000k\000a\000\040\000a\000\040\000g\000r\000a\000v\000i\000t\000a\000c\000e}{section.4}% 37
\BOOKMARK [1][-]{section.5}{\376\377\000A\000p\000l\000i\000k\000a\000c\000e}{}% 38
\BOOKMARK [2][-]{subsection.5.1}{\376\377\000P\000l\000a\000y\000e\000r\000C\000o\000n\000t\000r\000o\000l\000l\000e\000r\000D\000a\000t\000a}{section.5}% 39
\BOOKMARK [3][-]{subsubsection.5.1.1}{\376\377\000\332\001\015\000e\000l\000\040\000a\000\040\000v\000y\000u\001\176\000i\000t\000\355\000\040\000S\000c\000r\000i\000p\000t\000a\000b\000l\000e\000O\000b\000j\000e\000c\000t}{subsection.5.1}% 40
\BOOKMARK [3][-]{subsubsection.5.1.2}{\376\377\000S\000t\000r\000u\000k\000t\000u\000r\000a\000\040\000d\000a\000t\000\040\000a\000\040\000o\000r\000g\000a\000n\000i\000z\000a\000c\000e}{subsection.5.1}% 41
\BOOKMARK [3][-]{subsubsection.5.1.3}{\376\377\000D\001\157\000l\000e\001\176\000i\000t\000\351\000\040\000p\000a\000r\000a\000m\000e\000t\000r\000y\000\040\000a\000\040\000j\000e\000j\000i\000c\000h\000\040\000v\000l\000i\000v\000\040\000n\000a\000\040\000h\000e\000r\000n\000\355\000\040\000p\000o\000c\000i\000t}{subsection.5.1}% 42
\BOOKMARK [3][-]{subsubsection.5.1.4}{\376\377\000V\000\375\000p\000o\001\015\000e\000t\000\040\000a\000k\000c\000e\000l\000e\000r\000a\000c\000e\000\040\000a\000\040\000j\000e\000j\000\355\000\040\000a\000u\000t\000o\000m\000a\000t\000i\000z\000a\000c\000e}{subsection.5.1}% 43
\BOOKMARK [3][-]{subsubsection.5.1.5}{\376\377\000P\000o\000u\001\176\000i\000t\000\355\000\040\000v\000\040\000P\000l\000a\000y\000e\000r\000C\000o\000n\000t\000r\000o\000l\000l\000e\000r\000\040\000a\000\040\000p\000r\000o\000p\000o\000j\000e\000n\000\355\000\040\000s\000y\000s\000t\000\351\000m\001\157}{subsection.5.1}% 44
\BOOKMARK [2][-]{subsection.5.2}{\376\377\000P\000l\000a\000y\000e\000r\000C\000o\000n\000t\000r\000o\000l\000l\000e\000r}{section.5}% 45
\BOOKMARK [3][-]{subsubsection.5.2.1}{\376\377\000H\000l\000a\000v\000n\000\355\000\040\000s\000k\000r\000i\000p\000t\000\040\000a\000\040\000j\000e\000h\000o\000\040\000r\000o\000l\000e\000\040\000v\000\040\000s\000y\000s\000t\000\351\000m\000u}{subsection.5.2}% 46
\BOOKMARK [3][-]{subsubsection.5.2.2}{\376\377\000I\000n\000p\000u\000t\000\040\000s\000y\000s\000t\000\351\000m\000\040\000a\000\040\000z\000p\000r\000a\000c\000o\000v\000\341\000n\000\355\000\040\000u\001\176\000i\000v\000a\000t\000e\000l\000s\000k\000\351\000h\000o\000\040\000v\000s\000t\000u\000p\000u}{subsection.5.2}% 47
\BOOKMARK [3][-]{subsubsection.5.2.3}{\376\377\000Z\000p\000r\000a\000c\000o\000v\000\341\000n\000\355\000\040\000v\000s\000t\000u\000p\000u\000\040\000a\000\040\000f\000i\000l\000t\000r\000o\000v\000\341\000n\000\355\000\040\000h\000o\000d\000n\000o\000t}{subsection.5.2}% 48
\BOOKMARK [3][-]{subsubsection.5.2.4}{\376\377\000H\000o\000r\000i\000z\000o\000n\000t\000\341\000l\000n\000\355\000\040\000p\000o\000h\000y\000b\000\040\000a\000\040\000a\000k\000c\000e\000l\000e\000r\000a\000c\000e}{subsection.5.2}% 49
\BOOKMARK [3][-]{subsubsection.5.2.5}{\376\377\000V\000l\000a\000s\000t\000n\000\355\000\040\000g\000r\000a\000v\000i\000t\000a\000c\000e\000\040\000a\000\040\000j\000e\000j\000\355\000\040\000d\000y\000n\000a\000m\000i\000c\000k\000\351\000\040\001\131\000\355\000z\000e\000n\000\355}{subsection.5.2}% 50
\BOOKMARK [3][-]{subsubsection.5.2.6}{\376\377\000V\000\375\000p\000o\001\015\000e\000t\000\040\000n\000o\000v\000\351\000\040\000r\000y\000c\000h\000l\000o\000s\000t\000i\000\040\000a\000\040\000p\000o\000u\001\176\000i\000t\000\355\000\040\000L\000e\000r\000p}{subsection.5.2}% 51
\BOOKMARK [3][-]{subsubsection.5.2.7}{\376\377\000Z\000e\000m\000n\000\355\000\040\000k\000o\000n\000t\000r\000o\000l\000a\000\040\000a\000\040\000d\000e\000t\000e\000k\000c\000e\000\040\000d\000o\000t\000y\000k\000u\000\040\000s\000e\000\040\000z\000e\000m\000\355}{subsection.5.2}% 52
\BOOKMARK [3][-]{subsubsection.5.2.8}{\376\377\000P\000r\000o\000p\000o\000j\000e\000n\000\355\000\040\000s\000\040\000A\000n\000i\000m\000a\000t\000o\000r\000e\000m\000\040\000a\000\040\000p\001\131\000e\000d\000\341\000v\000\341\000n\000\355\000\040\000p\000a\000r\000a\000m\000e\000t\000r\001\157}{subsection.5.2}% 53
\BOOKMARK [3][-]{subsubsection.5.2.9}{\376\377\000O\000t\000o\001\015\000e\000n\000\355\000\040\000p\000o\000s\000t\000a\000v\000y\000\040\000a\000\040\000v\000i\000z\000u\000\341\000l\000n\000\355\000\040\000z\000m\001\033\000n\000a\000\040\000s\000m\001\033\000r\000u}{subsection.5.2}% 54
\BOOKMARK [3][-]{subsubsection.5.2.10}{\376\377\000P\000r\000o\000p\000o\000j\000e\000n\000\355\000\040\000s\000\040\000d\000a\000s\000h\000\040\000s\000y\000s\000t\000\351\000m\000e\000m\000\040\000a\000\040\000d\000e\000a\000k\000t\000i\000v\000a\000c\000e\000\040\000p\000o\000h\000y\000b\000u}{subsection.5.2}% 55
\BOOKMARK [2][-]{subsection.5.3}{\376\377\000S\000k\000o\000k}{section.5}% 56
\BOOKMARK [3][-]{subsubsection.5.3.1}{\376\377\000C\000o\000y\000o\000t\000e\000\040\000t\000i\000m\000e\000\040\000a\000\040\000j\000e\000h\000o\000\040\000i\000m\000p\000l\000e\000m\000e\000n\000t\000a\000c\000e}{subsection.5.3}% 57
\BOOKMARK [3][-]{subsubsection.5.3.2}{\376\377\000J\000u\000m\000p\000\040\000b\000u\000f\000f\000e\000r\000\040\000a\000\040\000r\000e\000g\000i\000s\000t\000r\000a\000c\000e\000\040\000s\000k\000o\000k\000u\000\040\000p\001\131\000e\000d\000\040\000d\000o\000p\000a\000d\000e\000m}{subsection.5.3}% 58
\BOOKMARK [3][-]{subsubsection.5.3.3}{\376\377\000P\000r\000o\000v\000\341\000d\001\033\000n\000\355\000\040\000s\000k\000o\000k\000u\000\040\000a\000\040\000n\000a\000s\000t\000a\000v\000e\000n\000\355\000\040\000f\000y\000z\000i\000k\000\341\000l\000n\000\355\000c\000h\000\040\000p\000a\000r\000a\000m\000e\000t\000r\001\157}{subsection.5.3}% 59
\BOOKMARK [3][-]{subsubsection.5.3.4}{\376\377\000J\000u\000m\000p\000\040\000c\000u\000t\000\040\000a\000\040\000p\001\131\000e\000d\001\015\000a\000s\000n\000\351\000\040\000u\000k\000o\000n\001\015\000e\000n\000\355\000\040\000s\000k\000o\000k\000u}{subsection.5.3}% 60
\BOOKMARK [3][-]{subsubsection.5.3.5}{\376\377\000J\000u\000m\000p\000\040\000h\000a\000n\000g\000\040\000a\000\040\000e\000f\000e\000k\000t\000\040\000v\000z\000n\000\341\001\141\000e\000n\000\355\000\040\000n\000a\000\040\000v\000r\000c\000h\000o\000l\000u\000\040\000s\000k\000o\000k\000u}{subsection.5.3}% 61
\BOOKMARK [3][-]{subsubsection.5.3.6}{\376\377\000V\000s\000t\000u\000p\000\040\000s\000k\000o\000k\000u\000\040\000a\000\040\000r\000e\000g\000i\000s\000t\000r\000a\000c\000e\000\040\000c\000a\000l\000l\000b\000a\000c\000k\001\157}{subsection.5.3}% 62
\BOOKMARK [2][-]{subsection.5.4}{\376\377\000D\000a\000s\000h}{section.5}% 63
\BOOKMARK [3][-]{subsubsection.5.4.1}{\376\377\000Z\000\341\000k\000l\000a\000d\000n\000\355\000\040\000p\000r\000i\000n\000c\000i\000p\000\040\000a\000\040\000d\001\033\000d\001\033\000n\000\355\000\040\000z\000\040\000P\000l\000a\000y\000e\000r\000A\000b\000i\000l\000i\000t\000y}{subsection.5.4}% 64
\BOOKMARK [3][-]{subsubsection.5.4.2}{\376\377\000M\000e\000t\000o\000d\000a\000\040\000T\000r\000y\000D\000a\000s\000h\000\040\000a\000\040\000k\000o\000n\000t\000r\000o\000l\000a\000\040\000p\000o\000d\000m\000\355\000n\000e\000k}{subsection.5.4}% 65
\BOOKMARK [3][-]{subsubsection.5.4.3}{\376\377\000S\000m\001\033\000r\000\040\000d\000a\000s\000h\000e\000\040\000a\000\040\000n\000o\000r\000m\000a\000l\000i\000z\000a\000c\000e\000\040\000v\000e\000k\000t\000o\000r\000u}{subsection.5.4}% 66
\BOOKMARK [3][-]{subsubsection.5.4.4}{\376\377\000D\000a\000s\000h\000M\000o\000v\000e\000m\000e\000n\000t\000\040\000a\000\040\000a\000p\000l\000i\000k\000a\000c\000e\000\040\000r\000y\000c\000h\000l\000o\000s\000t\000i\000\040\000b\001\033\000h\000e\000m\000\040\000d\000a\000s\000h\000e}{subsection.5.4}% 67
\BOOKMARK [3][-]{subsubsection.5.4.5}{\376\377\000C\000o\000o\000l\000d\000o\000w\000n\000\040\000s\000y\000s\000t\000\351\000m\000\040\000a\000\040\000o\000m\000e\000z\000e\000n\000\355\000\040\000f\000r\000e\000k\000v\000e\000n\000c\000e\000\040\000d\000a\000s\000h\000e}{subsection.5.4}% 68
\BOOKMARK [3][-]{subsubsection.5.4.6}{\376\377\000P\000r\000o\000p\000o\000j\000e\000n\000\355\000\040\000s\000\040\000P\000l\000a\000y\000e\000r\000C\000o\000n\000t\000r\000o\000l\000l\000e\000r\000\040\000a\000\040\000r\000e\000g\000i\000s\000t\000r\000a\000c\000e\000\040\000i\000n\000p\000u\000t\000u}{subsection.5.4}% 69
\BOOKMARK [2][-]{subsection.5.5}{\376\377\000W\000a\000l\000l\000\040\000j\000u\000m\000p\000\040\000a\000\040\000w\000a\000l\000l\000\040\000s\000l\000i\000d\000e}{section.5}% 70
\BOOKMARK [3][-]{subsubsection.5.5.1}{\376\377\000Z\000\341\000k\000l\000a\000d\000\040\000s\000k\000r\000i\000p\000t\000u\000\040\000a\000\040\000d\001\033\000d\001\033\000n\000\355\000\040\000z\000\040\000P\000l\000a\000y\000e\000r\000A\000b\000i\000l\000i\000t\000y}{subsection.5.5}% 71
\BOOKMARK [3][-]{subsubsection.5.5.2}{\376\377\000D\000e\000t\000e\000k\000c\000e\000\040\000s\000t\001\033\000n\000y\000\040\000a\000\040\000u\000r\001\015\000e\000n\000\355\000\040\000j\000e\000j\000\355\000h\000o\000\040\000s\000m\001\033\000r\000u}{subsection.5.5}% 72
\BOOKMARK [3][-]{subsubsection.5.5.3}{\376\377\000W\000a\000l\000l\000\040\000s\000l\000i\000d\000e\000\040\000a\000\040\000z\000p\000o\000m\000a\000l\000e\000n\000\375\000\040\000p\000\341\000d\000\040\000p\000o\000d\000\351\000l\000\040\000s\000t\001\033\000n\000y}{subsection.5.5}% 73
\BOOKMARK [3][-]{subsubsection.5.5.4}{\376\377\000W\000a\000l\000l\000\040\000j\000u\000m\000p\000\040\000a\000\040\000o\000d\000r\000a\000z\000\040\000o\000d\000\040\000s\000t\001\033\000n\000y}{subsection.5.5}% 74
\BOOKMARK [3][-]{subsubsection.5.5.5}{\376\377\000W\000a\000l\000l\000-\000t\000o\000-\000w\000a\000l\000l\000\040\000j\000u\000m\000p\000\040\000a\000\040\000r\000y\000c\000h\000l\000\375\000\040\000p\001\131\000e\000s\000k\000o\000k\000\040\000m\000e\000z\000i\000\040\000s\000t\001\033\000n\000a\000m\000i}{subsection.5.5}% 75
\BOOKMARK [3][-]{subsubsection.5.5.6}{\376\377\000P\000r\000o\000p\000o\000j\000e\000n\000\355\000\040\000s\000\040\000P\000l\000a\000y\000e\000r\000C\000o\000n\000t\000r\000o\000l\000l\000e\000r\000\040\000a\000\040\000d\000e\000a\000k\000t\000i\000v\000a\000c\000e\000\040\000v\000s\000t\000u\000p\000u}{subsection.5.5}% 76
\BOOKMARK [2][-]{subsection.5.6}{\376\377\000S\000t\001\131\000e\000l\000b\000a}{section.5}% 77
\BOOKMARK [3][-]{subsubsection.5.6.1}{\376\377\000S\000y\000s\000t\000\351\000m\000\040\000s\000t\001\131\000e\000l\000b\000y\000\040\000a\000\040\000a\000r\000c\000h\000i\000t\000e\000k\000t\000u\000r\000a\000\040\000s\000k\000r\000i\000p\000t\001\157}{subsection.5.6}% 78
\BOOKMARK [3][-]{subsubsection.5.6.2}{\376\377\000S\000m\001\033\000r\000\040\000s\000t\001\131\000e\000l\000b\000y\000\040\000a\000\040\000a\000u\000t\000o\000m\000a\000t\000i\000c\000k\000\351\000\040\000z\000a\000m\001\033\001\131\000e\000n\000\355\000\040\000n\000a\000\040\000c\000\355\000l}{subsection.5.6}% 79
\BOOKMARK [3][-]{subsubsection.5.6.3}{\376\377\000V\000y\000t\000v\000o\001\131\000e\000n\000\355\000\040\000p\000r\000o\000j\000e\000k\000t\000i\000l\000u\000\040\000a\000\040\000n\000a\000s\000t\000a\000v\000e\000n\000\355\000\040\000f\000y\000z\000i\000k\000\341\000l\000n\000\355\000c\000h\000\040\000p\000a\000r\000a\000m\000e\000t\000r\001\157}{subsection.5.6}% 80
\BOOKMARK [3][-]{subsubsection.5.6.4}{\376\377\000O\000m\000e\000z\000e\000n\000\375\000\040\000p\000o\001\015\000e\000t\000\040\000n\000\341\000b\000o\000j\001\157\000\040\000a\000\040\000s\000y\000s\000t\000\351\000m\000\040\000p\001\131\000e\000b\000\355\000j\000e\000n\000\355}{subsection.5.6}% 81
\BOOKMARK [3][-]{subsubsection.5.6.5}{\376\377\000V\000\375\000s\000t\001\131\000e\000l\000\040\000a\000\040\000k\000o\000n\000t\000r\000o\000l\000a\000\040\000p\000o\000d\000m\000\355\000n\000e\000k}{subsection.5.6}% 82
\BOOKMARK [3][-]{subsubsection.5.6.6}{\376\377\000R\000e\000s\000p\000a\000w\000n\000\040\000a\000\040\000o\000b\000n\000o\000v\000e\000n\000\355\000\040\000s\000t\000a\000v\000u\000\040\000s\000t\001\131\000e\000l\000b\000y}{subsection.5.6}% 83
\BOOKMARK [3][-]{subsubsection.5.6.7}{\376\377\000C\000h\000o\000v\000\341\000n\000\355\000\040\000p\000r\000o\000j\000e\000k\000t\000i\000l\000u\000\040\000p\000o\000\040\000v\000y\000s\000t\001\131\000e\000l\000e\000n\000\355}{subsection.5.6}% 84
\BOOKMARK [2][-]{subsection.5.7}{\376\377\000B\000o\000w\000l\000i\000n\000g\000o\000v\000\341\000\040\000k\000o\000u\000l\000e}{section.5}% 85
\BOOKMARK [3][-]{subsubsection.5.7.1}{\376\377\000P\001\131\000e\000h\000l\000e\000d\000\040\000a\000\040\000z\000\341\000k\000l\000a\000d\000n\000\355\000\040\000s\000t\000r\000u\000k\000t\000u\000r\000a}{subsection.5.7}% 86
\BOOKMARK [3][-]{subsubsection.5.7.2}{\376\377\000P\000o\000h\000y\000b\000\040\000a\000\040\000k\000o\000n\000s\000t\000a\000n\000t\000n\000\355\000\040\000r\000y\000c\000h\000l\000o\000s\000t}{subsection.5.7}% 87
\BOOKMARK [3][-]{subsubsection.5.7.3}{\376\377\000S\000t\000a\000r\000t\000o\000v\000n\000\355\000\040\000p\000r\000o\000d\000l\000e\000v\000a\000\040\000a\000\040\000s\000y\000n\000c\000h\000r\000o\000n\000i\000z\000a\000c\000e\000\040\000s\000\040\000h\000r\000\341\001\015\000e\000m}{subsection.5.7}% 88
\BOOKMARK [3][-]{subsubsection.5.7.4}{\376\377\000S\000t\000u\000n\000\040\000s\000y\000s\000t\000\351\000m\000\040\000a\000\040\000d\000o\001\015\000a\000s\000n\000\351\000\040\000z\000p\000o\000m\000a\000l\000e\000n\000\355}{subsection.5.7}% 89
\BOOKMARK [3][-]{subsubsection.5.7.5}{\376\377\000R\001\157\000s\000t\000\040\000r\000y\000c\000h\000l\000o\000s\000t\000i\000\040\000a\000\040\000p\000r\000o\000g\000r\000e\000s\000i\000v\000n\000\355\000\040\000o\000b\000t\000\355\001\176\000n\000o\000s\000t}{subsection.5.7}% 90
\BOOKMARK [3][-]{subsubsection.5.7.6}{\376\377\000R\000e\000s\000e\000t\000\040\000p\001\131\000i\000\040\000s\000m\000r\000t\000i\000\040\000h\000r\000\341\001\015\000e}{subsection.5.7}% 91
\BOOKMARK [3][-]{subsubsection.5.7.7}{\376\377\000A\000n\000i\000m\000a\000c\000e\000\040\000r\000o\000t\000a\000c\000e\000\040\000a\000\040\000d\000y\000n\000a\000m\000i\000c\000k\000\341\000\040\000r\000y\000c\000h\000l\000o\000s\000t}{subsection.5.7}% 92
\BOOKMARK [2][-]{subsection.5.8}{\376\377\000D\000a\000l\001\141\000\355\000\040\000s\000k\000r\000i\000p\000t\000y\000\040\000n\000e\000p\001\131\000\355\000t\000e\000l\000e}{section.5}% 93
\BOOKMARK [3][-]{subsubsection.5.8.1}{\376\377\000T\000i\000l\000e\000D\000e\000s\000t\000r\000o\000y\000\040\040\023\000\040\000p\001\131\000e\000h\000l\000e\000d\000\040\000a\000\040\000\372\001\015\000e\000l}{subsection.5.8}% 94
\BOOKMARK [3][-]{subsubsection.5.8.2}{\376\377\000T\000i\000c\000k\000-\000b\000a\000s\000e\000d\000\040\000n\000i\001\015\000e\000n\000\355\000\040\000d\000l\000a\001\176\000d\000i\000c\000\040\000a\000\040\000o\000p\000t\000i\000m\000a\000l\000i\000z\000a\000c\000e}{subsection.5.8}% 95
\BOOKMARK [3][-]{subsubsection.5.8.3}{\376\377\000L\000i\000m\000i\000t\000\040\000d\000l\000a\001\176\000d\000i\000c\000\040\000n\000a\000\040\000t\000i\000c\000k\000\040\000a\000\040\000v\000\375\000k\000o\000n\000o\000v\000\341\000\040\000o\000c\000h\000r\000a\000n\000a}{subsection.5.8}% 96
\BOOKMARK [3][-]{subsubsection.5.8.4}{\376\377\000B\000o\000u\000n\000d\000s\000\040\000a\000\040\000W\000o\000r\000l\000d\000T\000o\000C\000e\000l\000l\000\040\040\023\000\040\000p\001\131\000e\000v\000o\000d\000\040\000s\000o\000u\001\131\000a\000d\000n\000i\000c}{subsection.5.8}% 97
\BOOKMARK [3][-]{subsubsection.5.8.5}{\376\377\000D\000e\000s\000t\000r\000o\000y\000O\000n\000T\000o\000u\000c\000h\000\040\040\023\000\040\000p\001\131\000e\000h\000l\000e\000d\000\040\000a\000\040\000f\000u\000n\000k\001\015\000n\000o\000s\000t}{subsection.5.8}% 98
\BOOKMARK [1][-]{section.6}{\376\377\000Z\000\341\000v\001\033\000r}{}% 99
\BOOKMARK [1][-]{section.7}{\376\377\000O\000d\000k\000a\000z\000y}{}% 100
\BOOKMARK [2][-]{subsection.7.1}{\376\377\000P\000o\000u\001\176\000i\000t\000\351\000\040\000z\000d\000r\000o\000j\000e}{section.7}% 101
\BOOKMARK [2][-]{subsection.7.2}{\376\377\000S\000o\000f\000t\000w\000a\000r\000e\000\040\000p\000o\000u\001\176\000i\000t\000\375\000\040\000p\001\131\000i\000\040\000t\000v\000o\000r\000b\001\033\000\040\000p\000r\000\341\000c\000e}{section.7}% 102
\BOOKMARK [2][-]{subsection.7.3}{\376\377\000O\000d\000k\000a\000z\000y\000\040\000n\000a\000\040\000p\000r\000o\000j\000e\000k\000t}{section.7}% 103
