This is pdfTeX, Version 3.141592653-2.6-1.40.29 (TeX Live 2026/Arch Linux) (preloaded format=pdflatex 2026.3.18)  23 MAR 2026 19:43
entering extended mode
 restricted \write18 enabled.
 %&-line parsing enabled.
**/home/dan_arch/Documents/maturita/thesis/main.tex
(/home/dan_arch/Documents/maturita/thesis/main.tex
LaTeX2e <2025-11-01>
L3 programming layer <2026-01-19>
(/usr/share/texmf-dist/tex/latex/base/article.cls
Document Class: article 2025/01/22 v1.4n Standard LaTeX document class
(/usr/share/texmf-dist/tex/latex/base/size12.clo
File: size12.clo 2025/01/22 v1.4n Standard LaTeX file (size option)
)
\c@part=\count275
\c@section=\count276
\c@subsection=\count277
\c@subsubsection=\count278
\c@paragraph=\count279
\c@subparagraph=\count280
\c@figure=\count281
\c@table=\count282
\abovecaptionskip=\skip49
\belowcaptionskip=\skip50
\bibindent=\dimen148
) (/usr/share/texmf-dist/tex/latex/base/inputenc.sty
Package: inputenc 2024/02/08 v1.3d Input encoding file
\inpenc@prehook=\toks17
\inpenc@posthook=\toks18
) (/usr/share/texmf-dist/tex/generic/babel/babel.sty
Package: babel 2026/02/14 v26.3 The multilingual framework for LuaLaTeX, pdfLaTeX and XeLaTeX
\babel@savecnt=\count283
LaTeX Encoding Info:    Redeclaring text command \ij (encoding OT1) on input line 2078.
LaTeX Encoding Info:    Redeclaring text command \IJ (encoding OT1) on input line 2080.
LaTeX Encoding Info:    Redeclaring text command \ij (encoding T1) on input line 2082.
LaTeX Encoding Info:    Redeclaring text command \IJ (encoding T1) on input line 2083.
LaTeX Encoding Info:    Ignoring declaration for text command \ij (encoding ?) on input line 2084.
LaTeX Encoding Info:    Ignoring declaration for text command \IJ (encoding ?) on input line 2086.
LaTeX Encoding Info:    Ignoring declaration for text command \SS (encoding ?) on input line 2111.
\U@D=\dimen149
\l@unhyphenated=\language5
 (/usr/share/texmf-dist/tex/generic/babel/txtbabel.def)
\bbl@readstream=\read2
\bbl@dirlevel=\count284
 (/usr/share/texmf-dist/tex/generic/babel/locale/cs/babel-czech.tex)
Package babel Info: Importing font and identification data for czech
(babel)             from babel-cs.ini. Reported on input line 4330.
 (/usr/share/texmf-dist/tex/generic/babel-czech/czech.ldf
Language: czech 2008/07/06 v3.1a Czech support from the babel system
Package babel Info: Making " an active character on input line 172.
\cs@wordlen=\count285
Package babel Info: Making - an active character on input line 226.
)) (/usr/share/texmf-dist/tex/latex/graphics/graphicx.sty
Package: graphicx 2024/12/31 v1.2e Enhanced LaTeX Graphics (DPC,SPQR)
 (/usr/share/texmf-dist/tex/latex/graphics/keyval.sty
Package: keyval 2022/05/29 v1.15 key=value parser (DPC)
\KV@toks@=\toks19
) (/usr/share/texmf-dist/tex/latex/graphics/graphics.sty
Package: graphics 2024/08/06 v1.4g Standard LaTeX Graphics (DPC,SPQR)
 (/usr/share/texmf-dist/tex/latex/graphics/trig.sty
Package: trig 2023/12/02 v1.11 sin cos tan (DPC)
) (/usr/share/texmf-dist/tex/latex/graphics-cfg/graphics.cfg
File: graphics.cfg 2016/06/04 v1.11 sample graphics configuration
)
Package graphics Info: Driver file: pdftex.def on input line 106.
 (/usr/share/texmf-dist/tex/latex/graphics-def/pdftex.def
File: pdftex.def 2025/09/29 v1.2d Graphics/color driver for pdftex
))
\Gin@req@height=\dimen150
\Gin@req@width=\dimen151
) (/usr/share/texmf-dist/tex/latex/hyperref/hyperref.sty
Package: hyperref 2026-01-29 v7.01p Hypertext links for LaTeX
 (/usr/share/texmf-dist/tex/generic/iftex/iftex.sty
Package: iftex 2024/12/12 v1.0g TeX engine tests
) (/usr/share/texmf-dist/tex/latex/kvsetkeys/kvsetkeys.sty
Package: kvsetkeys 2022-10-05 v1.19 Key value parser (HO)
) (/usr/share/texmf-dist/tex/generic/kvdefinekeys/kvdefinekeys.sty
Package: kvdefinekeys 2019-12-19 v1.6 Define keys (HO)
) (/usr/share/texmf-dist/tex/generic/pdfescape/pdfescape.sty
Package: pdfescape 2019/12/09 v1.15 Implements pdfTeX's escape features (HO)
 (/usr/share/texmf-dist/tex/generic/ltxcmds/ltxcmds.sty
Package: ltxcmds 2023-12-04 v1.26 LaTeX kernel commands for general use (HO)
) (/usr/share/texmf-dist/tex/generic/pdftexcmds/pdftexcmds.sty
Package: pdftexcmds 2020-06-27 v0.33 Utility functions of pdfTeX for LuaTeX (HO)
 (/usr/share/texmf-dist/tex/generic/infwarerr/infwarerr.sty
Package: infwarerr 2019/12/03 v1.5 Providing info/warning/error messages (HO)
)
Package pdftexcmds Info: \pdf@primitive is available.
Package pdftexcmds Info: \pdf@ifprimitive is available.
Package pdftexcmds Info: \pdfdraftmode found.
)) (/usr/share/texmf-dist/tex/latex/hycolor/hycolor.sty
Package: hycolor 2020-01-27 v1.10 Color options for hyperref/bookmark (HO)
) (/usr/share/texmf-dist/tex/latex/hyperref/nameref.sty
Package: nameref 2026-01-29 v2.58 Cross-referencing by name of section
 (/usr/share/texmf-dist/tex/latex/refcount/refcount.sty
Package: refcount 2019/12/15 v3.6 Data extraction from label references (HO)
) (/usr/share/texmf-dist/tex/generic/gettitlestring/gettitlestring.sty
Package: gettitlestring 2019/12/15 v1.6 Cleanup title references (HO)
 (/usr/share/texmf-dist/tex/latex/kvoptions/kvoptions.sty
Package: kvoptions 2022-06-15 v3.15 Key value format for package options (HO)
))
\c@section@level=\count286
) (/usr/share/texmf-dist/tex/latex/etoolbox/etoolbox.sty
Package: etoolbox 2025/10/02 v2.5m e-TeX tools for LaTeX (JAW)
\etb@tempcnta=\count287
) (/usr/share/texmf-dist/tex/generic/stringenc/stringenc.sty
Package: stringenc 2019/11/29 v1.12 Convert strings between diff. encodings (HO)
)
\@linkdim=\dimen152
\Hy@linkcounter=\count288
\Hy@pagecounter=\count289
 (/usr/share/texmf-dist/tex/latex/hyperref/pd1enc.def
File: pd1enc.def 2026-01-29 v7.01p Hyperref: PDFDocEncoding definition (HO)
Now handling font encoding PD1 ...
... no UTF-8 mapping file for font encoding PD1
) (/usr/share/texmf-dist/tex/generic/intcalc/intcalc.sty
Package: intcalc 2019/12/15 v1.3 Expandable calculations with integers (HO)
)
\Hy@SavedSpaceFactor=\count290
 (/usr/share/texmf-dist/tex/latex/hyperref/puenc.def
File: puenc.def 2026-01-29 v7.01p Hyperref: PDF Unicode definition (HO)
Now handling font encoding PU ...
... no UTF-8 mapping file for font encoding PU
)
Package hyperref Info: Hyper figures OFF on input line 4201.
Package hyperref Info: Link nesting OFF on input line 4206.
Package hyperref Info: Hyper index ON on input line 4209.
Package hyperref Info: Plain pages OFF on input line 4216.
Package hyperref Info: Backreferencing OFF on input line 4221.
Package hyperref Info: Implicit mode ON; LaTeX internals redefined.
Package hyperref Info: Bookmarks ON on input line 4468.
\c@Hy@tempcnt=\count291
 (/usr/share/texmf-dist/tex/latex/url/url.sty
\Urlmuskip=\muskip17
Package: url 2013/09/16  ver 3.4  Verb mode for urls, etc.
)
LaTeX Info: Redefining \url on input line 4807.
\XeTeXLinkMargin=\dimen153
 (/usr/share/texmf-dist/tex/generic/bitset/bitset.sty
Package: bitset 2019/12/09 v1.3 Handle bit-vector datatype (HO)
 (/usr/share/texmf-dist/tex/generic/bigintcalc/bigintcalc.sty
Package: bigintcalc 2019/12/15 v1.5 Expandable calculations on big integers (HO)
))
\Fld@menulength=\count292
\Field@Width=\dimen154
\Fld@charsize=\dimen155
Package hyperref Info: Hyper figures OFF on input line 6084.
Package hyperref Info: Link nesting OFF on input line 6089.
Package hyperref Info: Hyper index ON on input line 6092.
Package hyperref Info: backreferencing OFF on input line 6099.
Package hyperref Info: Link coloring OFF on input line 6104.
Package hyperref Info: Link coloring with OCG OFF on input line 6109.
Package hyperref Info: PDF/A mode OFF on input line 6114.
\Hy@abspage=\count293
\c@Item=\count294
\c@Hfootnote=\count295
)
Package hyperref Info: Driver (autodetected): hpdftex.
 (/usr/share/texmf-dist/tex/latex/hyperref/hpdftex.def
File: hpdftex.def 2026-01-29 v7.01p Hyperref driver for pdfTeX
\Fld@listcount=\count296
\c@bookmark@seq@number=\count297
 (/usr/share/texmf-dist/tex/latex/rerunfilecheck/rerunfilecheck.sty
Package: rerunfilecheck 2025-06-21 v1.11 Rerun checks for auxiliary files (HO)
 (/usr/share/texmf-dist/tex/generic/uniquecounter/uniquecounter.sty
Package: uniquecounter 2019/12/15 v1.4 Provide unlimited unique counter (HO)
)
Package uniquecounter Info: New unique counter `rerunfilecheck' on input line 284.
)
\Hy@SectionHShift=\skip51
) (/usr/share/texmf-dist/tex/latex/listings/listings.sty
\lst@mode=\count298
\lst@gtempboxa=\box53
\lst@token=\toks20
\lst@length=\count299
\lst@currlwidth=\dimen156
\lst@column=\count300
\lst@pos=\count301
\lst@lostspace=\dimen157
\lst@width=\dimen158
\lst@newlines=\count302
\lst@lineno=\count303
\lst@maxwidth=\dimen159
 (/usr/share/texmf-dist/tex/latex/listings/lstpatch.sty
File: lstpatch.sty 2025/11/14 1.11b (Carsten Heinz)
) (/usr/share/texmf-dist/tex/latex/listings/lstmisc.sty
File: lstmisc.sty 2025/11/14 1.11b (Carsten Heinz)
\c@lstnumber=\count304
\lst@skipnumbers=\count305
\lst@framebox=\box54
) (/usr/share/texmf-dist/tex/latex/listings/listings.cfg
File: listings.cfg 2025/11/14 1.11b listings configuration
))
Package: listings 2025/11/14 1.11b (Carsten Heinz)

==> First Aid for listings.sty no longer applied!
    Expected:
        2024/09/23 1.10c (Carsten Heinz)
    but found:
        2025/11/14 1.11b (Carsten Heinz)
    so I'm assuming it got fixed.
(/usr/share/texmf-dist/tex/latex/caption/caption.sty
Package: caption 2023/08/05 v3.6o Customizing captions (AR)
 (/usr/share/texmf-dist/tex/latex/caption/caption3.sty
Package: caption3 2023/07/31 v2.4d caption3 kernel (AR)
\caption@tempdima=\dimen160
\captionmargin=\dimen161
\caption@leftmargin=\dimen162
\caption@rightmargin=\dimen163
\caption@width=\dimen164
\caption@indent=\dimen165
\caption@parindent=\dimen166
\caption@hangindent=\dimen167
Package caption Info: Standard document class detected.
)
\c@caption@flags=\count306
\c@continuedfloat=\count307
Package caption Info: hyperref package is loaded.
Package caption Info: listings package is loaded.
) (/usr/share/texmf-dist/tex/latex/xcolor/xcolor.sty
Package: xcolor 2024/09/29 v3.02 LaTeX color extensions (UK)
 (/usr/share/texmf-dist/tex/latex/graphics-cfg/color.cfg
File: color.cfg 2016/01/02 v1.6 sample color configuration
)
Package xcolor Info: Driver file: pdftex.def on input line 274.
 (/usr/share/texmf-dist/tex/latex/graphics/mathcolor.ltx)
Package xcolor Info: Model `cmy' substituted by `cmy0' on input line 1349.
Package xcolor Info: Model `hsb' substituted by `rgb' on input line 1353.
Package xcolor Info: Model `RGB' extended on input line 1365.
Package xcolor Info: Model `HTML' substituted by `rgb' on input line 1367.
Package xcolor Info: Model `Hsb' substituted by `hsb' on input line 1368.
Package xcolor Info: Model `tHsb' substituted by `hsb' on input line 1369.
Package xcolor Info: Model `HSB' substituted by `hsb' on input line 1370.
Package xcolor Info: Model `Gray' substituted by `gray' on input line 1371.
Package xcolor Info: Model `wave' substituted by `hsb' on input line 1372.
) (/usr/share/texmf-dist/tex/latex/geometry/geometry.sty
Package: geometry 2020/01/02 v5.9 Page Geometry
 (/usr/share/texmf-dist/tex/generic/iftex/ifvtex.sty
Package: ifvtex 2019/10/25 v1.7 ifvtex legacy package. Use iftex instead.
)
\Gm@cnth=\count308
\Gm@cntv=\count309
\c@Gm@tempcnt=\count310
\Gm@bindingoffset=\dimen168
\Gm@wd@mp=\dimen169
\Gm@odd@mp=\dimen170
\Gm@even@mp=\dimen171
\Gm@layoutwidth=\dimen172
\Gm@layoutheight=\dimen173
\Gm@layouthoffset=\dimen174
\Gm@layoutvoffset=\dimen175
\Gm@dimlist=\toks21
) (/usr/share/texmf-dist/tex/latex/l3backend/l3backend-pdftex.def
File: l3backend-pdftex.def 2025-10-09 L3 backend support: PDF output (pdfTeX)
\l__color_backend_stack_int=\count311
) (./main.aux
Package babel Info: 'czech' activates 'czech' shorthands.
(babel)             Reported on input line 9.
)
\openout1 = `main.aux'.

LaTeX Font Info:    Checking defaults for OML/cmm/m/it on input line 51.
LaTeX Font Info:    ... okay on input line 51.
LaTeX Font Info:    Checking defaults for OMS/cmsy/m/n on input line 51.
LaTeX Font Info:    ... okay on input line 51.
LaTeX Font Info:    Checking defaults for OT1/cmr/m/n on input line 51.
LaTeX Font Info:    ... okay on input line 51.
LaTeX Font Info:    Checking defaults for T1/cmr/m/n on input line 51.
LaTeX Font Info:    ... okay on input line 51.
LaTeX Font Info:    Checking defaults for TS1/cmr/m/n on input line 51.
LaTeX Font Info:    ... okay on input line 51.
LaTeX Font Info:    Checking defaults for OMX/cmex/m/n on input line 51.
LaTeX Font Info:    ... okay on input line 51.
LaTeX Font Info:    Checking defaults for U/cmr/m/n on input line 51.
LaTeX Font Info:    ... okay on input line 51.
LaTeX Font Info:    Checking defaults for PD1/pdf/m/n on input line 51.
LaTeX Font Info:    ... okay on input line 51.
LaTeX Font Info:    Checking defaults for PU/pdf/m/n on input line 51.
LaTeX Font Info:    ... okay on input line 51.
 (/usr/share/texmf-dist/tex/context/base/mkii/supp-pdf.mkii
[Loading MPS to PDF converter (version 2006.09.02).]
\scratchcounter=\count312
\scratchdimen=\dimen176
\scratchbox=\box55
\nofMPsegments=\count313
\nofMParguments=\count314
\everyMPshowfont=\toks22
\MPscratchCnt=\count315
\MPscratchDim=\dimen177
\MPnumerator=\count316
\makeMPintoPDFobject=\count317
\everyMPtoPDFconversion=\toks23
) (/usr/share/texmf-dist/tex/latex/epstopdf-pkg/epstopdf-base.sty
Package: epstopdf-base 2020-01-24 v2.11 Base part for package epstopdf
Package epstopdf-base Info: Redefining graphics rule for `.eps' on input line 485.
 (/usr/share/texmf-dist/tex/latex/latexconfig/epstopdf-sys.cfg
File: epstopdf-sys.cfg 2010/07/13 v1.3 Configuration of (r)epstopdf for TeX Live
))
Package hyperref Info: Link coloring OFF on input line 51.
 (./main.out) (./main.out)
\@outlinefile=\write3
\openout3 = `main.out'.

\c@lstlisting=\count318
Package caption Info: Begin \AtBeginDocument code.
Package caption Info: End \AtBeginDocument code.

*geometry* driver: auto-detecting
*geometry* detected driver: pdftex
*geometry* verbose mode - [ preamble ] result:
* driver: pdftex
* paper: a4paper
* layout: <same size as paper>
* layoutoffset:(h,v)=(0.0pt,0.0pt)
* modes: 
* h-part:(L,W,R)=(71.13188pt, 455.24411pt, 71.13188pt)
* v-part:(T,H,B)=(85.35826pt, 674.33032pt, 85.35826pt)
* \paperwidth=597.50787pt
* \paperheight=845.04684pt
* \textwidth=455.24411pt
* \textheight=674.33032pt
* \oddsidemargin=-1.1381pt
* \evensidemargin=-1.1381pt
* \topmargin=-23.91173pt
* \headheight=12.0pt
* \headsep=25.0pt
* \topskip=12.0pt
* \footskip=30.0pt
* \marginparwidth=44.0pt
* \marginparsep=10.0pt
* \columnsep=10.0pt
* \skip\footins=10.8pt plus 4.0pt minus 2.0pt
* \hoffset=0.0pt
* \voffset=0.0pt
* \mag=1000
* \@twocolumnfalse
* \@twosidefalse
* \@mparswitchfalse
* \@reversemarginfalse
* (1in=72.27pt=25.4mm, 1cm=28.453pt)

[1

{/var/lib/texmf/fonts/map/pdftex/updmap/pdftex.map}]
Overfull \hbox (3.91371pt too wide) in paragraph at lines 75--76
\OT1/cmr/m/n/12 m^^S^^Pru kon-t-roly nad chov^^San^^S^^Pm po-stavy. Z to-hoto d^^Wuvodu jsou tyto n^^Sastroje vyu^^Tzity p^^Tredev^^Ts^^S^^Pm
 []


pdfTeX warning (ext4): destination with the same identifier (name{page.1}) has been already used, duplicate ignored
<to be read again> 
                   \relax 
l.95 \newpage
              [1] [2]
LaTeX Font Info:    External font `cmex10' loaded for size
(Font)              <12> on input line 106.
LaTeX Font Info:    External font `cmex10' loaded for size
(Font)              <8> on input line 106.
LaTeX Font Info:    External font `cmex10' loaded for size
(Font)              <6> on input line 106.

Overfull \hbox (28.7098pt too wide) in paragraph at lines 106--107
[]\OT1/cmr/m/n/12 V Kar-vin^^Se dne: $[]$   Pod-pis: $[]$ 
 []

[3] (./main.toc [4] [5])
\tf@toc=\write4
\openout4 = `main.toc'.

 [6]
Overfull \hbox (3.91371pt too wide) in paragraph at lines 122--123
\OT1/cmr/m/n/12 m^^S^^Pru kon-t-roly nad chov^^San^^S^^Pm po-stavy. Z to-hoto d^^Wuvodu jsou tyto n^^Sastroje vyu^^Tzity p^^Tredev^^Ts^^S^^Pm
 []


pdfTeX warning (ext4): destination with the same identifier (name{page.1}) has been already used, duplicate ignored
<to be read again> 
                   \relax 
l.127 \newpage
               [1] (./definitions/definitions.tex
Overfull \hbox (1.87228pt too wide) in paragraph at lines 17--18
\OT1/cmr/m/n/12 con-t-rolleru pro kon-zole. D^^Tr^^S^^Pve se pro-gra-mo-val in-put za po-moci \OT1/cmtt/m/n/12 Input.GetKey(KeyCode.[])\OT1/cmr/m/n/12 ,
 []


pdfTeX warning (ext4): destination with the same identifier (name{page.2}) has been already used, duplicate ignored
<to be read again> 
                   \relax 
l.34 
      [2]
Overfull \hbox (4.0678pt too wide) in paragraph at lines 49--50
\OT1/cmr/m/n/12 Layer ne-boli vrstva je syst^^Sem v Unity pro or-ga-ni-zaci a fil-trov^^San^^S^^P ob-jekt^^Wu ve sc^^Sen^^Te. Umo^^Tz^^Tnuje
 []


pdfTeX warning (ext4): destination with the same identifier (name{page.3}) has been already used, duplicate ignored
<to be read again> 
                   \relax 
l.58 
      [3])
pdfTeX warning (ext4): destination with the same identifier (name{page.4}) has been already used, duplicate ignored
<to be read again> 
                   \relax 
l.129 \newpage
               [4] (./framework/framework.tex
pdfTeX warning (ext4): destination with the same identifier (name{page.5}) has been already used, duplicate ignored
<to be read again> 
                   \relax 
l.22 
      [5])
pdfTeX warning (ext4): destination with the same identifier (name{page.6}) has been already used, duplicate ignored
<to be read again> 
                   \relax 
l.131 \newpage
               [6] (./concept/concept.tex
Overfull \hbox (0.77754pt too wide) in paragraph at lines 5--6
[]\OT1/cmr/m/n/12 Na z^^Saklad^^Te to-hoto kon-ceptu bylo mo^^Tzn^^Se na-vrh-nout z^^Sakladn^^S^^P funk^^Tcnost hlavn^^S^^Pch hern^^S^^Pch
 []

(./concept/coyotetime.tex) (./concept/jumpbuffer.tex) (./concept/walljump.tex [7]) (./concept/variablejumpheight.tex
Overfull \hbox (7.88112pt too wide) in paragraph at lines 3--4
[]$\OT1/cmtt/m/n/12 https : / / selfdeterminationtheory . org / SDT / documents / 2010 _ PrzybylskiRigbyRyan _
 []

) (./concept/dash.tex) (./concept/aim.tex) (./concept/vystrel.tex [8]) (./concept/projektil.tex) (./concept/animace.tex) (./concept/fyzika.tex)) [9] [10] (./application/application.tex [11] (./application/playercontrollerdata_ucel.tex) (./application/playercontrollerdata_struktura.tex [12]) (./application/playercontrollerdata_parametry.tex
Overfull \hbox (3.39279pt too wide) in paragraph at lines 7--1
\OT1/cmr/m/n/12 proch^^Sazet ne-u-spo^^Tr^^Sadan^^Sy se-znam v^^Tsech prom^^Tenn^^Sych. Z^^Sarove^^Tn usnad^^Tnuje po-cho-pen^^S^^P syst^^Semu
 []


Overfull \hbox (3.57338pt too wide) in paragraph at lines 9--10
[]\OT1/cmr/m/n/12 Gravitace je ^^Tr^^S^^Pzena pa-ra-me-t-rem \OT1/cmtt/m/n/12 gravity \OT1/cmr/m/n/12 pro z^^Sakladn^^S^^P gra-vita^^Tcn^^S^^P s^^S^^Plu a \OT1/cmtt/m/n/12 fallMultiplier
 []

) [13] (./application/playercontrollerdata_vypocet.tex) (./application/playercontrollerdata_pouziti.tex
Overfull \hbox (5.28583pt too wide) in paragraph at lines 7--1
\OT1/cmr/m/n/12 po^^Tc^^S^^Ptat spr^^Savnou hod-notu ak-ce-le-race a m^^Wu^^Tze se soust^^Tredit pouze na na-sta-ven^^S^^P po^^Tzadovan^^Seho
 []

) [14] (./application/playercontroller_main.tex) [15] (./application/playercontroller_input.tex) [16] (./application/playercontroller_zpracovani.tex) [17] (./application/playercontroller_pohyb.tex
Overfull \hbox (0.4185pt too wide) in paragraph at lines 5--6
[]\OT1/cmr/m/n/12 Zrychlen^^S^^P se li^^Ts^^S^^P podle toho, zda je hr^^Sa^^Tc na zemi nebo ve vzdu-chu. Pa-ra-metr \OT1/cmtt/m/n/12 accelInAir
 []

) [18] (./application/playercontroller_gravitace.tex) (./application/playercontroller_rychlost.tex [19]) (./application/playercontroller_kontrola.tex) (./application/playercontroller_animace.tex) (./application/playercontroller_otoceni.tex [20]) (./application/playercontroller_dash.tex) [21] (./application/skok_coyote.tex
Overfull \hbox (1.29765pt too wide) in paragraph at lines 7--8
[]\OT1/cmr/m/n/12 Hodnota \OT1/cmtt/m/n/12 coyoteTime \OT1/cmr/m/n/12 se ty-picky na-sta-vuje na 0.1 a^^Tz 0.2 sekundy, co^^Tz od-pov^^S^^Pd^^Sa p^^Tribli^^Tzn^^Te
 []

) (./application/skok_buffer.tex) (./application/skok_provadeni.tex [22]) [23] (./application/skok_cut.tex) (./application/skok_hang.tex) [24] (./application/skok_vstup.tex) (./application/dash_princip.tex) [25] (./application/dash_try.tex) (./application/dash_smer.tex) (./application/dash_movement.tex [26]) [27] (./application/dash_cooldown.tex) (./application/dash_propojeni.tex) (./application/walljump_zaklad.tex) (./application/walljump_detekce.tex [28]) (./application/walljump_slide.tex
Overfull \hbox (4.49837pt too wide) in paragraph at lines 5--1
[]\OT1/cmr/m/n/12 Metoda \OT1/cmtt/m/n/12 DetectWallDirection() \OT1/cmr/m/n/12 ur^^Tcuje, na kter^^Se stran^^Te st^^Tena je. Exis-tuj^^S^^P dva p^^Tr^^S^^Pstupy:
 []

) [29] (./application/walljump_jump.tex) [30] (./application/walljump_walltowall.tex) (./application/walljump_propojeni.tex)
Overfull \hbox (1.62614pt too wide) in paragraph at lines 77--78
\OT1/cmr/m/n/12 Syst^^Sem st^^Trelby p^^Trid^^Sav^^Sa do hry dal^^Ts^^S^^P rozm^^Ter in-ter-ak-ti-vity a stra-te-gie. Na rozd^^S^^Pl od tradi^^Tcn^^S^^Pch
 []

(./application/strelba_system.tex) (./application/strelba_smer.tex [31]) (./application/strelba_vytvoreni.tex) [32] (./application/strelba_naboje.tex) (./application/strelba_vystrel.tex
Overfull \hbox (0.12894pt too wide) in paragraph at lines 7--1
[]\OT1/cmr/m/n/12 Tento syst^^Sem pod-po-ruje my^^Tslenku, ^^Tze v^^Syst^^Trel m^^Sa b^^Syt pouze po-sledn^^S^^P mo^^Tznost^^S^^P z^^Sachrany
 []

) (./application/strelba_respawn.tex) [33] (./application/strelba_chovani.tex) (./application/enemy_prehled.tex [34]) [35] (./application/enemy_pohyb.tex
Overfull \hbox (3.24461pt too wide) in paragraph at lines 3--4
\OT1/cmr/m/n/12 se na-sta-vuje \OT1/cmtt/m/n/12 velocity.x = moveSpeed\OT1/cmr/m/n/12 , co^^Tz zaji^^Tst[]uje kon-stantn^^S^^P po-hyb do-prava bez ohledu
 []

) [36] (./application/enemy_prodleva.tex) [37] (./application/enemy_stun.tex) (./application/enemy_rust.tex [38]) (./application/enemy_reset.tex) (./application/enemy_animace.tex) [39] (./application/koleblivy_tile.tex) (./application/koleblivy_tick.tex) (./application/koleblivy_limit.tex) [40] (./application/koleblivy_bounds.tex) (./application/koleblivy_destroy.tex)) [41] [42] (./odkazy/odkazy.tex
Overfull \hbox (10.4944pt too wide) in paragraph at lines 7--8
[]\OT1/cmr/m/n/12 Microsoft. \OT1/cmr/m/it/12 C# --- Pro-gra-m-ming Lan-gu-age\OT1/cmr/m/n/12 . Do-stupn^^Se z: https://docs.microsoft.com/cs-
 []


Overfull \hbox (264.17145pt too wide) in paragraph at lines 8--9
[]\OT1/cmr/m/n/12 Unity Tech-no-lo-gies. \OT1/cmr/m/it/12 Unity In-put Sys-tem Do-cu-men-tation\OT1/cmr/m/n/12 . Do-stupn^^Se z: https://docs.unity3d.com/Packages/com.unity.inputsystem@latest 
 []


Overfull \hbox (314.36461pt too wide) in paragraph at lines 11--12
\OT1/cmr/m/it/12 au-to-nomy, com-pe-tence, and re-la-ted-ness\OT1/cmr/m/n/12 . Do-stupn^^Se z: https://selfdeterminationtheory.org/SDT/documents/2010[]PrzybylskiRigbyRyan[]ROGP.pdf 
 []


Overfull \hbox (85.41153pt too wide) in paragraph at lines 12--13
[]\OT1/cmr/m/n/12 Void1 Ga-ming. \OT1/cmr/m/it/12 Flow The-ory in Game De-sign\OT1/cmr/m/n/12 . Do-stupn^^Se z: https://www.void1gaming.com/post/flow-
 []

) [43] (./main.aux)
 ***********
LaTeX2e <2025-11-01>
L3 programming layer <2026-01-19>
 ***********
Package rerunfilecheck Info: File `main.out' has not changed.
(rerunfilecheck)             Checksum: 4D71A7EC020930356CD8B3E9EBB1E775;20985.
 ) 
Here is how much of TeX's memory you used:
 14708 strings out of 469481
 236077 string characters out of 5469630
 805720 words of memory out of 5000000
 42556 multiletter control sequences out of 15000+600000
 633296 words of font info for 59 fonts, out of 8000000 for 9000
 24 hyphenation exceptions out of 8191
 75i,6n,79p,1646b,1259s stack positions out of 10000i,1000n,20000p,200000b,200000s
 </home/dan_arch/.texlive/texmf-var/fonts/pk/ljfour/jknappen/ec/tcrm1200.600pk></usr/share/texmf-dist/fonts/type1/public/amsfonts/cm/cmbx12.pfb></usr/share/texmf-dist/fonts/type1/public/amsfonts/cm/cmr12.pfb></usr/share/texmf-dist/fonts/type1/public/amsfonts/cm/cmr6.pfb></usr/share/texmf-dist/fonts/type1/public/amsfonts/cm/cmti12.pfb></usr/share/texmf-dist/fonts/type1/public/amsfonts/cm/cmtt10.pfb></usr/share/texmf-dist/fonts/type1/public/amsfonts/cm/cmtt12.pfb>
Output written on main.pdf (50 pages, 255567 bytes).
PDF statistics:
 1217 PDF objects out of 1440 (max. 8388607)
 1140 compressed objects within 12 object streams
 485 named destinations out of 1000 (max. 500000)
 825 words of extra memory for PDF output out of 10000 (max. 10000000)

